#
# There is insufficient memory for the Java Runtime Environment to continue.
# Native memory allocation (malloc) failed to allocate 32744 bytes for ChunkPool::allocate
# Possible reasons:
#   The system is out of physical RAM or swap space
#   The process is running with CompressedOops enabled, and the Java Heap may be blocking the growth of the native heap
# Possible solutions:
#   Reduce memory load on the system
#   Increase physical memory or swap space
#   Check if swap backing store is full
#   Decrease Java heap size (-Xmx/-Xms)
#   Decrease number of Java threads
#   Decrease Java thread stack sizes (-Xss)
#   Set larger code cache with -XX:ReservedCodeCacheSize=
#   JVM is running with Unscaled Compressed Oops mode in which the Java heap is
#     placed in the first 4GB address space. The Java Heap base address is the
#     maximum limit for the native heap growth. Please use -XX:HeapBaseMinAddress
#     to set the Java Heap base and to place the Java Heap above 4GB virtual address.
# This output file may be truncated or incomplete.
#
#  Out of Memory Error (./open/src/hotspot/share/memory/arena.cpp:81), pid=5292, tid=4904
#
# JRE version: Java(TM) SE Runtime Environment 18.9 (11.0.15.1+2) (build 11.0.15.1+2-LTS-10)
# Java VM: Java HotSpot(TM) 64-Bit Server VM 18.9 (11.0.15.1+2-LTS-10, mixed mode, tiered, compressed oops, g1 gc, windows-amd64)
# No core dump will be written. Minidumps are not enabled by default on client versions of Windows
#

---------------  S U M M A R Y ------------

Command Line: -Xverify:none -XX:TieredStopAtLevel=1 -Dfile.encoding=windows-1252 -Duser.country=AR -Duser.language=es -Duser.variant com.mindhub.homebanking.HomebankingApplication

Host: Intel(R) Core(TM) i3 CPU       M 370  @ 2.40GHz, 4 cores, 3G,  Windows 7 , 64 bit Build 7601 (6.1.7601.24545)
Time: Mon Jun  6 15:36:55 2022 Hora estándar de Argentina elapsed time: 77.837096 seconds (0d 0h 1m 17s)

---------------  T H R E A D  ---------------

Current thread (0x000000005ee91800):  JavaThread "C1 CompilerThread0" daemon [_thread_in_native, id=4904, stack(0x000000005f8a0000,0x000000005f9a0000)]


Current CompileTask:
C1:  77837 9171       1       java.net.URI::decode (380 bytes)

Stack: [0x000000005f8a0000,0x000000005f9a0000]
Native frames: (J=compiled Java code, j=interpreted, Vv=VM code, C=native code)
V  [jvm.dll+0x629d8a]
V  [jvm.dll+0x7638ff]
V  [jvm.dll+0x764fa9]
V  [jvm.dll+0x765633]
V  [jvm.dll+0x23d9c8]
V  [jvm.dll+0xb2c7b]
V  [jvm.dll+0xb2fdc]
V  [jvm.dll+0x14e280]
V  [jvm.dll+0x147677]
V  [jvm.dll+0x143e4e]
V  [jvm.dll+0x130470]
V  [jvm.dll+0x118949]
V  [jvm.dll+0x11826f]
V  [jvm.dll+0x11849f]
V  [jvm.dll+0x117744]
V  [jvm.dll+0x119617]
V  [jvm.dll+0x207026]
V  [jvm.dll+0x2051bb]
V  [jvm.dll+0x729820]
V  [jvm.dll+0x7223f4]
V  [jvm.dll+0x628c26]
C  [ucrtbase.DLL+0x1d912]
C  [kernel32.dll+0x1556d]
C  [ntdll.dll+0x5372d]


---------------  P R O C E S S  ---------------

Threads class SMR info:
_java_thread_list=0x00000000654cd530, length=25, elements={
0x000000005ee63800, 0x000000005ee6f000, 0x000000005ee84000, 0x000000005ee87000,
0x000000005ee8b000, 0x000000005ee91800, 0x000000005eea6000, 0x000000005fb5f800,
0x0000000062621000, 0x0000000062622000, 0x0000000062639000, 0x0000000060538000,
0x00000000654ae000, 0x00000000654af000, 0x00000000654af800, 0x0000000065511800,
0x0000000065513000, 0x0000000065513800, 0x0000000065514800, 0x0000000065515000,
0x0000000065516000, 0x0000000065517000, 0x0000000065517800, 0x0000000065518800,
0x0000000065519800
}

Java Threads: ( => current thread )
  0x000000005ee63800 JavaThread "Reference Handler" daemon [_thread_blocked, id=5028, stack(0x000000001e150000,0x000000001e250000)]
  0x000000005ee6f000 JavaThread "Finalizer" daemon [_thread_blocked, id=3568, stack(0x000000005f250000,0x000000005f350000)]
  0x000000005ee84000 JavaThread "Signal Dispatcher" daemon [_thread_blocked, id=2188, stack(0x000000005f500000,0x000000005f600000)]
  0x000000005ee87000 JavaThread "Attach Listener" daemon [_thread_blocked, id=1028, stack(0x000000005f3c0000,0x000000005f4c0000)]
  0x000000005ee8b000 JavaThread "Service Thread" daemon [_thread_blocked, id=2384, stack(0x000000005f770000,0x000000005f870000)]
=>0x000000005ee91800 JavaThread "C1 CompilerThread0" daemon [_thread_in_native, id=4904, stack(0x000000005f8a0000,0x000000005f9a0000)]
  0x000000005eea6000 JavaThread "Sweeper thread" daemon [_thread_blocked, id=3788, stack(0x000000005f9e0000,0x000000005fae0000)]
  0x000000005fb5f800 JavaThread "Common-Cleaner" daemon [_thread_blocked, id=5036, stack(0x00000000601d0000,0x00000000602d0000)]
  0x0000000062621000 JavaThread "Catalina-utility-1" [_thread_blocked, id=5516, stack(0x00000000639e0000,0x0000000063ae0000)]
  0x0000000062622000 JavaThread "Catalina-utility-2" [_thread_blocked, id=2780, stack(0x0000000060ee0000,0x0000000060fe0000)]
  0x0000000062639000 JavaThread "container-0" [_thread_blocked, id=3952, stack(0x00000000638b0000,0x00000000639b0000)]
  0x0000000060538000 JavaThread "HikariPool-1 housekeeper" daemon [_thread_blocked, id=4748, stack(0x0000000063f60000,0x0000000064060000)]
  0x00000000654ae000 JavaThread "http-nio-8080-exec-1" daemon [_thread_blocked, id=4484, stack(0x0000000066550000,0x0000000066650000)]
  0x00000000654af000 JavaThread "http-nio-8080-exec-2" daemon [_thread_blocked, id=4284, stack(0x0000000066730000,0x0000000066830000)]
  0x00000000654af800 JavaThread "http-nio-8080-exec-3" daemon [_thread_in_Java, id=1520, stack(0x00000000669b0000,0x0000000066ab0000)]
  0x0000000065511800 JavaThread "http-nio-8080-exec-4" daemon [_thread_in_Java, id=3824, stack(0x0000000066be0000,0x0000000066ce0000)]
  0x0000000065513000 JavaThread "http-nio-8080-exec-5" daemon [_thread_blocked, id=2364, stack(0x0000000066870000,0x0000000066970000)]
  0x0000000065513800 JavaThread "http-nio-8080-exec-6" daemon [_thread_blocked, id=1348, stack(0x0000000066dc0000,0x0000000066ec0000)]
  0x0000000065514800 JavaThread "http-nio-8080-exec-7" daemon [_thread_blocked, id=1596, stack(0x0000000066ad0000,0x0000000066bd0000)]
  0x0000000065515000 JavaThread "http-nio-8080-exec-8" daemon [_thread_blocked, id=192, stack(0x0000000066f20000,0x0000000067020000)]
  0x0000000065516000 JavaThread "http-nio-8080-exec-9" daemon [_thread_blocked, id=1924, stack(0x0000000067200000,0x0000000067300000)]
  0x0000000065517000 JavaThread "http-nio-8080-exec-10" daemon [_thread_blocked, id=4900, stack(0x00000000670e0000,0x00000000671e0000)]
  0x0000000065517800 JavaThread "http-nio-8080-Poller" daemon [_thread_in_native, id=1588, stack(0x0000000067430000,0x0000000067530000)]
  0x0000000065518800 JavaThread "http-nio-8080-Acceptor" daemon [_thread_in_native, id=1740, stack(0x00000000676c0000,0x00000000677c0000)]
  0x0000000065519800 JavaThread "DestroyJavaVM" [_thread_blocked, id=3504, stack(0x0000000002220000,0x0000000002320000)]

Other Threads:
  0x000000005ee1e800 VMThread "VM Thread" [stack: 0x000000005efa0000,0x000000005f0a0000] [id=1584]
  0x000000005fb5d000 WatcherThread [stack: 0x000000005ffe0000,0x00000000600e0000] [id=3584]
  0x0000000000377800 GCTaskThread "GC Thread#0" [stack: 0x0000000019150000,0x0000000019250000] [id=3284]
  0x00000000608af800 GCTaskThread "GC Thread#1" [stack: 0x0000000060ff0000,0x00000000610f0000] [id=2660]
  0x0000000060b74000 GCTaskThread "GC Thread#2" [stack: 0x00000000616f0000,0x00000000617f0000] [id=1304]
  0x0000000060a94800 GCTaskThread "GC Thread#3" [stack: 0x0000000061bd0000,0x0000000061cd0000] [id=676]
  0x0000000000395000 ConcurrentGCThread "G1 Main Marker" [stack: 0x000000001b900000,0x000000001ba00000] [id=3356]
  0x0000000000396800 ConcurrentGCThread "G1 Conc#0" [stack: 0x000000001bbc0000,0x000000001bcc0000] [id=3268]
  0x000000001e000800 ConcurrentGCThread "G1 Refine#0" [stack: 0x000000001e2d0000,0x000000001e3d0000] [id=3536]
  0x00000000608cd800 ConcurrentGCThread "G1 Refine#1" [stack: 0x000000005fee0000,0x000000005ffe0000] [id=1324]
  0x00000000003dd000 ConcurrentGCThread "G1 Young RemSet Sampling" [stack: 0x000000001e480000,0x000000001e580000] [id=2708]

Threads with active compile tasks:
C1 CompilerThread0  78021 9171       1       java.net.URI::decode (380 bytes)

VM state:not at safepoint (normal execution)

VM Mutex/Monitor currently owned by a thread: None

Heap address: 0x00000000c3200000, size: 974 MB, Compressed Oops mode: 32-bit
Narrow klass base: 0x0000000000000000, Narrow klass shift: 0
Compressed class space size: 1073741824 Address: 0x000000001e580000

Heap:
 garbage-first heap   total 145408K, used 41815K [0x00000000c3200000, 0x0000000100000000)
  region size 1024K, 11 young (11264K), 4 survivors (4096K)
 Metaspace       used 65953K, capacity 68095K, committed 68144K, reserved 1107968K
  class space    used 8463K, capacity 9324K, committed 9344K, reserved 1048576K
Heap Regions: E=young(eden), S=young(survivor), O=old, HS=humongous(starts), HC=humongous(continues), CS=collection set, F=free, A=archive, TAMS=top-at-mark-start (previous, next)
|   0|0x00000000c3200000, 0x00000000c3300000, 0x00000000c3300000|100%|HS|  |TAMS 0x00000000c3300000, 0x00000000c3200000| Complete 
|   1|0x00000000c3300000, 0x00000000c3400000, 0x00000000c3400000|100%| O|  |TAMS 0x00000000c3400000, 0x00000000c3300000| Untracked 
|   2|0x00000000c3400000, 0x00000000c3500000, 0x00000000c3500000|100%| O|  |TAMS 0x00000000c3500000, 0x00000000c3400000| Untracked 
|   3|0x00000000c3500000, 0x00000000c3600000, 0x00000000c3600000|100%| O|  |TAMS 0x00000000c3600000, 0x00000000c3500000| Untracked 
|   4|0x00000000c3600000, 0x00000000c3700000, 0x00000000c3700000|100%| O|  |TAMS 0x00000000c3700000, 0x00000000c3600000| Untracked 
|   5|0x00000000c3700000, 0x00000000c3800000, 0x00000000c3800000|100%| O|  |TAMS 0x00000000c3800000, 0x00000000c3700000| Untracked 
|   6|0x00000000c3800000, 0x00000000c3900000, 0x00000000c3900000|100%| O|  |TAMS 0x00000000c3900000, 0x00000000c3800000| Untracked 
|   7|0x00000000c3900000, 0x00000000c3a00000, 0x00000000c3a00000|100%| O|  |TAMS 0x00000000c3a00000, 0x00000000c3900000| Untracked 
|   8|0x00000000c3a00000, 0x00000000c3b00000, 0x00000000c3b00000|100%| O|  |TAMS 0x00000000c3b00000, 0x00000000c3a00000| Untracked 
|   9|0x00000000c3b00000, 0x00000000c3c00000, 0x00000000c3c00000|100%| O|  |TAMS 0x00000000c3c00000, 0x00000000c3b00000| Untracked 
|  10|0x00000000c3c00000, 0x00000000c3d00000, 0x00000000c3d00000|100%| O|  |TAMS 0x00000000c3d00000, 0x00000000c3c00000| Untracked 
|  11|0x00000000c3d00000, 0x00000000c3e00000, 0x00000000c3e00000|100%| O|  |TAMS 0x00000000c3e00000, 0x00000000c3d00000| Untracked 
|  12|0x00000000c3e00000, 0x00000000c3f00000, 0x00000000c3f00000|100%| O|  |TAMS 0x00000000c3f00000, 0x00000000c3e00000| Untracked 
|  13|0x00000000c3f00000, 0x00000000c4000000, 0x00000000c4000000|100%| O|  |TAMS 0x00000000c4000000, 0x00000000c3f00000| Untracked 
|  14|0x00000000c4000000, 0x00000000c4100000, 0x00000000c4100000|100%| O|  |TAMS 0x00000000c4100000, 0x00000000c4000000| Untracked 
|  15|0x00000000c4100000, 0x00000000c4200000, 0x00000000c4200000|100%| O|  |TAMS 0x00000000c4200000, 0x00000000c4100000| Untracked 
|  16|0x00000000c4200000, 0x00000000c4300000, 0x00000000c4300000|100%| O|  |TAMS 0x00000000c4268c00, 0x00000000c4200000| Untracked 
|  17|0x00000000c4300000, 0x00000000c4400000, 0x00000000c4400000|100%| O|  |TAMS 0x00000000c4300000, 0x00000000c4300000| Untracked 
|  18|0x00000000c4400000, 0x00000000c4500000, 0x00000000c4500000|100%| O|  |TAMS 0x00000000c4400000, 0x00000000c4400000| Untracked 
|  19|0x00000000c4500000, 0x00000000c4600000, 0x00000000c4600000|100%| O|  |TAMS 0x00000000c4500000, 0x00000000c4500000| Untracked 
|  20|0x00000000c4600000, 0x00000000c4700000, 0x00000000c4700000|100%| O|  |TAMS 0x00000000c4600000, 0x00000000c4600000| Untracked 
|  21|0x00000000c4700000, 0x00000000c4800000, 0x00000000c4800000|100%| O|  |TAMS 0x00000000c4700000, 0x00000000c4700000| Untracked 
|  22|0x00000000c4800000, 0x00000000c4900000, 0x00000000c4900000|100%| O|  |TAMS 0x00000000c4800000, 0x00000000c4800000| Untracked 
|  23|0x00000000c4900000, 0x00000000c4a00000, 0x00000000c4a00000|100%| O|  |TAMS 0x00000000c4900000, 0x00000000c4900000| Untracked 
|  24|0x00000000c4a00000, 0x00000000c4b00000, 0x00000000c4b00000|100%| O|  |TAMS 0x00000000c4a00000, 0x00000000c4a00000| Untracked 
|  25|0x00000000c4b00000, 0x00000000c4c00000, 0x00000000c4c00000|100%| O|  |TAMS 0x00000000c4b00000, 0x00000000c4b00000| Untracked 
|  26|0x00000000c4c00000, 0x00000000c4d00000, 0x00000000c4d00000|100%| O|  |TAMS 0x00000000c4c00000, 0x00000000c4c00000| Untracked 
|  27|0x00000000c4d00000, 0x00000000c4e00000, 0x00000000c4e00000|100%| O|  |TAMS 0x00000000c4d00000, 0x00000000c4d00000| Untracked 
|  28|0x00000000c4e00000, 0x00000000c4f00000, 0x00000000c4f00000|100%| O|  |TAMS 0x00000000c4e00000, 0x00000000c4e00000| Untracked 
|  29|0x00000000c4f00000, 0x00000000c5000000, 0x00000000c5000000|100%| O|  |TAMS 0x00000000c4f00000, 0x00000000c4f00000| Untracked 
|  30|0x00000000c5000000, 0x00000000c5100000, 0x00000000c5100000|100%| O|  |TAMS 0x00000000c5000000, 0x00000000c5000000| Untracked 
|  31|0x00000000c5100000, 0x00000000c515ae00, 0x00000000c5200000| 35%| O|  |TAMS 0x00000000c5100000, 0x00000000c5100000| Untracked 
|  32|0x00000000c5200000, 0x00000000c5200000, 0x00000000c5300000|  0%| F|  |TAMS 0x00000000c5200000, 0x00000000c5200000| Untracked 
|  33|0x00000000c5300000, 0x00000000c5300000, 0x00000000c5400000|  0%| F|  |TAMS 0x00000000c5300000, 0x00000000c5300000| Untracked 
|  34|0x00000000c5400000, 0x00000000c5400000, 0x00000000c5500000|  0%| F|  |TAMS 0x00000000c5400000, 0x00000000c5400000| Untracked 
|  35|0x00000000c5500000, 0x00000000c5500000, 0x00000000c5600000|  0%| F|  |TAMS 0x00000000c5500000, 0x00000000c5500000| Untracked 
|  36|0x00000000c5600000, 0x00000000c5600000, 0x00000000c5700000|  0%| F|  |TAMS 0x00000000c5600000, 0x00000000c5600000| Untracked 
|  37|0x00000000c5700000, 0x00000000c5700000, 0x00000000c5800000|  0%| F|  |TAMS 0x00000000c5700000, 0x00000000c5700000| Untracked 
|  38|0x00000000c5800000, 0x00000000c5800000, 0x00000000c5900000|  0%| F|  |TAMS 0x00000000c5800000, 0x00000000c5800000| Untracked 
|  39|0x00000000c5900000, 0x00000000c5900000, 0x00000000c5a00000|  0%| F|  |TAMS 0x00000000c5900000, 0x00000000c5900000| Untracked 
|  40|0x00000000c5a00000, 0x00000000c5a00000, 0x00000000c5b00000|  0%| F|  |TAMS 0x00000000c5a00000, 0x00000000c5a00000| Untracked 
|  41|0x00000000c5b00000, 0x00000000c5b00000, 0x00000000c5c00000|  0%| F|  |TAMS 0x00000000c5b00000, 0x00000000c5b00000| Untracked 
|  42|0x00000000c5c00000, 0x00000000c5c00000, 0x00000000c5d00000|  0%| F|  |TAMS 0x00000000c5c00000, 0x00000000c5c00000| Untracked 
|  43|0x00000000c5d00000, 0x00000000c5d00000, 0x00000000c5e00000|  0%| F|  |TAMS 0x00000000c5d00000, 0x00000000c5d00000| Untracked 
|  44|0x00000000c5e00000, 0x00000000c5e00000, 0x00000000c5f00000|  0%| F|  |TAMS 0x00000000c5e00000, 0x00000000c5e00000| Untracked 
|  45|0x00000000c5f00000, 0x00000000c5f00000, 0x00000000c6000000|  0%| F|  |TAMS 0x00000000c5f00000, 0x00000000c5f00000| Untracked 
|  46|0x00000000c6000000, 0x00000000c6000000, 0x00000000c6100000|  0%| F|  |TAMS 0x00000000c6000000, 0x00000000c6000000| Untracked 
|  47|0x00000000c6100000, 0x00000000c6100000, 0x00000000c6200000|  0%| F|  |TAMS 0x00000000c6100000, 0x00000000c6100000| Untracked 
|  48|0x00000000c6200000, 0x00000000c6200000, 0x00000000c6300000|  0%| F|  |TAMS 0x00000000c6200000, 0x00000000c6200000| Untracked 
|  49|0x00000000c6300000, 0x00000000c6300000, 0x00000000c6400000|  0%| F|  |TAMS 0x00000000c6300000, 0x00000000c6300000| Untracked 
|  50|0x00000000c6400000, 0x00000000c6400000, 0x00000000c6500000|  0%| F|  |TAMS 0x00000000c6400000, 0x00000000c6400000| Untracked 
|  51|0x00000000c6500000, 0x00000000c6500000, 0x00000000c6600000|  0%| F|  |TAMS 0x00000000c6500000, 0x00000000c6500000| Untracked 
|  52|0x00000000c6600000, 0x00000000c6600000, 0x00000000c6700000|  0%| F|  |TAMS 0x00000000c6600000, 0x00000000c6600000| Untracked 
|  53|0x00000000c6700000, 0x00000000c677ae68, 0x00000000c6800000| 48%| S|CS|TAMS 0x00000000c6700000, 0x00000000c6700000| Complete 
|  54|0x00000000c6800000, 0x00000000c6800000, 0x00000000c6900000|  0%| F|  |TAMS 0x00000000c6800000, 0x00000000c6800000| Untracked 
|  55|0x00000000c6900000, 0x00000000c6900000, 0x00000000c6a00000|  0%| F|  |TAMS 0x00000000c6900000, 0x00000000c6900000| Untracked 
|  56|0x00000000c6a00000, 0x00000000c6b00000, 0x00000000c6b00000|100%| S|CS|TAMS 0x00000000c6a00000, 0x00000000c6a00000| Complete 
|  57|0x00000000c6b00000, 0x00000000c6b00000, 0x00000000c6c00000|  0%| F|  |TAMS 0x00000000c6b00000, 0x00000000c6b00000| Untracked 
|  58|0x00000000c6c00000, 0x00000000c6c00000, 0x00000000c6d00000|  0%| F|  |TAMS 0x00000000c6c00000, 0x00000000c6c00000| Untracked 
|  59|0x00000000c6d00000, 0x00000000c6e00000, 0x00000000c6e00000|100%| S|CS|TAMS 0x00000000c6d00000, 0x00000000c6d00000| Complete 
|  60|0x00000000c6e00000, 0x00000000c6f00000, 0x00000000c6f00000|100%| S|CS|TAMS 0x00000000c6e00000, 0x00000000c6e00000| Complete 
|  61|0x00000000c6f00000, 0x00000000c6f00000, 0x00000000c7000000|  0%| F|  |TAMS 0x00000000c6f00000, 0x00000000c6f00000| Untracked 
|  62|0x00000000c7000000, 0x00000000c7000000, 0x00000000c7100000|  0%| F|  |TAMS 0x00000000c7000000, 0x00000000c7000000| Untracked 
|  63|0x00000000c7100000, 0x00000000c7100000, 0x00000000c7200000|  0%| F|  |TAMS 0x00000000c7100000, 0x00000000c7100000| Untracked 
|  64|0x00000000c7200000, 0x00000000c7200000, 0x00000000c7300000|  0%| F|  |TAMS 0x00000000c7200000, 0x00000000c7200000| Untracked 
|  65|0x00000000c7300000, 0x00000000c7300000, 0x00000000c7400000|  0%| F|  |TAMS 0x00000000c7300000, 0x00000000c7300000| Untracked 
|  66|0x00000000c7400000, 0x00000000c7400000, 0x00000000c7500000|  0%| F|  |TAMS 0x00000000c7400000, 0x00000000c7400000| Untracked 
|  67|0x00000000c7500000, 0x00000000c7500000, 0x00000000c7600000|  0%| F|  |TAMS 0x00000000c7500000, 0x00000000c7500000| Untracked 
|  68|0x00000000c7600000, 0x00000000c7600000, 0x00000000c7700000|  0%| F|  |TAMS 0x00000000c7600000, 0x00000000c7600000| Untracked 
|  69|0x00000000c7700000, 0x00000000c7700000, 0x00000000c7800000|  0%| F|  |TAMS 0x00000000c7700000, 0x00000000c7700000| Untracked 
|  70|0x00000000c7800000, 0x00000000c7800000, 0x00000000c7900000|  0%| F|  |TAMS 0x00000000c7800000, 0x00000000c7800000| Untracked 
|  71|0x00000000c7900000, 0x00000000c7900000, 0x00000000c7a00000|  0%| F|  |TAMS 0x00000000c7900000, 0x00000000c7900000| Untracked 
|  72|0x00000000c7a00000, 0x00000000c7a00000, 0x00000000c7b00000|  0%| F|  |TAMS 0x00000000c7a00000, 0x00000000c7a00000| Untracked 
|  73|0x00000000c7b00000, 0x00000000c7b00000, 0x00000000c7c00000|  0%| F|  |TAMS 0x00000000c7b00000, 0x00000000c7b00000| Untracked 
|  74|0x00000000c7c00000, 0x00000000c7c00000, 0x00000000c7d00000|  0%| F|  |TAMS 0x00000000c7c00000, 0x00000000c7c00000| Untracked 
|  75|0x00000000c7d00000, 0x00000000c7d00000, 0x00000000c7e00000|  0%| F|  |TAMS 0x00000000c7d00000, 0x00000000c7d00000| Untracked 
|  76|0x00000000c7e00000, 0x00000000c7e00000, 0x00000000c7f00000|  0%| F|  |TAMS 0x00000000c7e00000, 0x00000000c7e00000| Untracked 
|  77|0x00000000c7f00000, 0x00000000c7f00000, 0x00000000c8000000|  0%| F|  |TAMS 0x00000000c7f00000, 0x00000000c7f00000| Untracked 
|  78|0x00000000c8000000, 0x00000000c8000000, 0x00000000c8100000|  0%| F|  |TAMS 0x00000000c8000000, 0x00000000c8000000| Untracked 
|  79|0x00000000c8100000, 0x00000000c8100000, 0x00000000c8200000|  0%| F|  |TAMS 0x00000000c8100000, 0x00000000c8100000| Untracked 
|  80|0x00000000c8200000, 0x00000000c8200000, 0x00000000c8300000|  0%| F|  |TAMS 0x00000000c8200000, 0x00000000c8200000| Untracked 
|  81|0x00000000c8300000, 0x00000000c8300000, 0x00000000c8400000|  0%| F|  |TAMS 0x00000000c8300000, 0x00000000c8300000| Untracked 
|  82|0x00000000c8400000, 0x00000000c8400000, 0x00000000c8500000|  0%| F|  |TAMS 0x00000000c8400000, 0x00000000c8400000| Untracked 
|  83|0x00000000c8500000, 0x00000000c8500000, 0x00000000c8600000|  0%| F|  |TAMS 0x00000000c8500000, 0x00000000c8500000| Untracked 
|  84|0x00000000c8600000, 0x00000000c8600000, 0x00000000c8700000|  0%| F|  |TAMS 0x00000000c8600000, 0x00000000c8600000| Untracked 
|  85|0x00000000c8700000, 0x00000000c8700000, 0x00000000c8800000|  0%| F|  |TAMS 0x00000000c8700000, 0x00000000c8700000| Untracked 
|  86|0x00000000c8800000, 0x00000000c8800000, 0x00000000c8900000|  0%| F|  |TAMS 0x00000000c8800000, 0x00000000c8800000| Untracked 
|  87|0x00000000c8900000, 0x00000000c8900000, 0x00000000c8a00000|  0%| F|  |TAMS 0x00000000c8900000, 0x00000000c8900000| Untracked 
|  88|0x00000000c8a00000, 0x00000000c8a00000, 0x00000000c8b00000|  0%| F|  |TAMS 0x00000000c8a00000, 0x00000000c8a00000| Untracked 
|  89|0x00000000c8b00000, 0x00000000c8b00000, 0x00000000c8c00000|  0%| F|  |TAMS 0x00000000c8b00000, 0x00000000c8b00000| Untracked 
|  90|0x00000000c8c00000, 0x00000000c8c00000, 0x00000000c8d00000|  0%| F|  |TAMS 0x00000000c8c00000, 0x00000000c8c00000| Untracked 
|  91|0x00000000c8d00000, 0x00000000c8d00000, 0x00000000c8e00000|  0%| F|  |TAMS 0x00000000c8d00000, 0x00000000c8d00000| Untracked 
|  92|0x00000000c8e00000, 0x00000000c8e00000, 0x00000000c8f00000|  0%| F|  |TAMS 0x00000000c8e00000, 0x00000000c8e00000| Untracked 
|  93|0x00000000c8f00000, 0x00000000c8f00000, 0x00000000c9000000|  0%| F|  |TAMS 0x00000000c8f00000, 0x00000000c8f00000| Untracked 
|  94|0x00000000c9000000, 0x00000000c9000000, 0x00000000c9100000|  0%| F|  |TAMS 0x00000000c9000000, 0x00000000c9000000| Untracked 
|  95|0x00000000c9100000, 0x00000000c9100000, 0x00000000c9200000|  0%| F|  |TAMS 0x00000000c9100000, 0x00000000c9100000| Untracked 
|  96|0x00000000c9200000, 0x00000000c9200000, 0x00000000c9300000|  0%| F|  |TAMS 0x00000000c9200000, 0x00000000c9200000| Untracked 
|  97|0x00000000c9300000, 0x00000000c9300000, 0x00000000c9400000|  0%| F|  |TAMS 0x00000000c9300000, 0x00000000c9300000| Untracked 
|  98|0x00000000c9400000, 0x00000000c9400000, 0x00000000c9500000|  0%| F|  |TAMS 0x00000000c9400000, 0x00000000c9400000| Untracked 
|  99|0x00000000c9500000, 0x00000000c9500000, 0x00000000c9600000|  0%| F|  |TAMS 0x00000000c9500000, 0x00000000c9500000| Untracked 
| 100|0x00000000c9600000, 0x00000000c9600000, 0x00000000c9700000|  0%| F|  |TAMS 0x00000000c9600000, 0x00000000c9600000| Untracked 
| 101|0x00000000c9700000, 0x00000000c9700000, 0x00000000c9800000|  0%| F|  |TAMS 0x00000000c9700000, 0x00000000c9700000| Untracked 
| 102|0x00000000c9800000, 0x00000000c9800000, 0x00000000c9900000|  0%| F|  |TAMS 0x00000000c9800000, 0x00000000c9800000| Untracked 
| 103|0x00000000c9900000, 0x00000000c9900000, 0x00000000c9a00000|  0%| F|  |TAMS 0x00000000c9900000, 0x00000000c9900000| Untracked 
| 104|0x00000000c9a00000, 0x00000000c9a00000, 0x00000000c9b00000|  0%| F|  |TAMS 0x00000000c9a00000, 0x00000000c9a00000| Untracked 
| 105|0x00000000c9b00000, 0x00000000c9b00000, 0x00000000c9c00000|  0%| F|  |TAMS 0x00000000c9b00000, 0x00000000c9b00000| Untracked 
| 106|0x00000000c9c00000, 0x00000000c9c00000, 0x00000000c9d00000|  0%| F|  |TAMS 0x00000000c9c00000, 0x00000000c9c00000| Untracked 
| 107|0x00000000c9d00000, 0x00000000c9d00000, 0x00000000c9e00000|  0%| F|  |TAMS 0x00000000c9d00000, 0x00000000c9d00000| Untracked 
| 108|0x00000000c9e00000, 0x00000000c9e00000, 0x00000000c9f00000|  0%| F|  |TAMS 0x00000000c9e00000, 0x00000000c9e00000| Untracked 
| 109|0x00000000c9f00000, 0x00000000c9f00000, 0x00000000ca000000|  0%| F|  |TAMS 0x00000000c9f00000, 0x00000000c9f00000| Untracked 
| 110|0x00000000ca000000, 0x00000000ca000000, 0x00000000ca100000|  0%| F|  |TAMS 0x00000000ca000000, 0x00000000ca000000| Untracked 
| 111|0x00000000ca100000, 0x00000000ca100000, 0x00000000ca200000|  0%| F|  |TAMS 0x00000000ca100000, 0x00000000ca100000| Untracked 
| 112|0x00000000ca200000, 0x00000000ca200000, 0x00000000ca300000|  0%| F|  |TAMS 0x00000000ca200000, 0x00000000ca200000| Untracked 
| 113|0x00000000ca300000, 0x00000000ca300000, 0x00000000ca400000|  0%| F|  |TAMS 0x00000000ca300000, 0x00000000ca300000| Untracked 
| 114|0x00000000ca400000, 0x00000000ca400000, 0x00000000ca500000|  0%| F|  |TAMS 0x00000000ca400000, 0x00000000ca400000| Untracked 
| 115|0x00000000ca500000, 0x00000000ca500000, 0x00000000ca600000|  0%| F|  |TAMS 0x00000000ca500000, 0x00000000ca500000| Untracked 
| 116|0x00000000ca600000, 0x00000000ca600000, 0x00000000ca700000|  0%| F|  |TAMS 0x00000000ca600000, 0x00000000ca600000| Untracked 
| 117|0x00000000ca700000, 0x00000000ca700000, 0x00000000ca800000|  0%| F|  |TAMS 0x00000000ca700000, 0x00000000ca700000| Untracked 
| 118|0x00000000ca800000, 0x00000000ca800000, 0x00000000ca900000|  0%| F|  |TAMS 0x00000000ca800000, 0x00000000ca800000| Untracked 
| 119|0x00000000ca900000, 0x00000000ca900000, 0x00000000caa00000|  0%| F|  |TAMS 0x00000000ca900000, 0x00000000ca900000| Untracked 
| 120|0x00000000caa00000, 0x00000000caa00000, 0x00000000cab00000|  0%| F|  |TAMS 0x00000000caa00000, 0x00000000caa00000| Untracked 
| 121|0x00000000cab00000, 0x00000000cab00000, 0x00000000cac00000|  0%| F|  |TAMS 0x00000000cab00000, 0x00000000cab00000| Untracked 
| 122|0x00000000cac00000, 0x00000000cac00000, 0x00000000cad00000|  0%| F|  |TAMS 0x00000000cac00000, 0x00000000cac00000| Untracked 
| 123|0x00000000cad00000, 0x00000000cad00000, 0x00000000cae00000|  0%| F|  |TAMS 0x00000000cad00000, 0x00000000cad00000| Untracked 
| 124|0x00000000cae00000, 0x00000000cae00000, 0x00000000caf00000|  0%| F|  |TAMS 0x00000000cae00000, 0x00000000cae00000| Untracked 
| 125|0x00000000caf00000, 0x00000000caf00000, 0x00000000cb000000|  0%| F|  |TAMS 0x00000000caf00000, 0x00000000caf00000| Untracked 
| 126|0x00000000cb000000, 0x00000000cb000000, 0x00000000cb100000|  0%| F|  |TAMS 0x00000000cb000000, 0x00000000cb000000| Untracked 
| 127|0x00000000cb100000, 0x00000000cb100000, 0x00000000cb200000|  0%| F|  |TAMS 0x00000000cb100000, 0x00000000cb100000| Untracked 
| 128|0x00000000cb200000, 0x00000000cb200000, 0x00000000cb300000|  0%| F|  |TAMS 0x00000000cb200000, 0x00000000cb200000| Untracked 
| 129|0x00000000cb300000, 0x00000000cb300000, 0x00000000cb400000|  0%| F|  |TAMS 0x00000000cb300000, 0x00000000cb300000| Untracked 
| 130|0x00000000cb400000, 0x00000000cb400000, 0x00000000cb500000|  0%| F|  |TAMS 0x00000000cb400000, 0x00000000cb400000| Untracked 
| 131|0x00000000cb500000, 0x00000000cb500000, 0x00000000cb600000|  0%| F|  |TAMS 0x00000000cb500000, 0x00000000cb500000| Untracked 
| 132|0x00000000cb600000, 0x00000000cb600000, 0x00000000cb700000|  0%| F|  |TAMS 0x00000000cb600000, 0x00000000cb600000| Untracked 
| 133|0x00000000cb700000, 0x00000000cb700000, 0x00000000cb800000|  0%| F|  |TAMS 0x00000000cb700000, 0x00000000cb700000| Untracked 
| 134|0x00000000cb800000, 0x00000000cb800000, 0x00000000cb900000|  0%| F|  |TAMS 0x00000000cb800000, 0x00000000cb800000| Untracked 
| 135|0x00000000cb900000, 0x00000000cb9be9f0, 0x00000000cba00000| 74%| E|  |TAMS 0x00000000cb900000, 0x00000000cb900000| Complete 
| 136|0x00000000cba00000, 0x00000000cbb00000, 0x00000000cbb00000|100%| E|CS|TAMS 0x00000000cba00000, 0x00000000cba00000| Complete 
| 137|0x00000000cbb00000, 0x00000000cbc00000, 0x00000000cbc00000|100%| E|CS|TAMS 0x00000000cbb00000, 0x00000000cbb00000| Complete 
| 138|0x00000000cbc00000, 0x00000000cbd00000, 0x00000000cbd00000|100%| E|CS|TAMS 0x00000000cbc00000, 0x00000000cbc00000| Complete 
| 139|0x00000000cbd00000, 0x00000000cbe00000, 0x00000000cbe00000|100%| E|CS|TAMS 0x00000000cbd00000, 0x00000000cbd00000| Complete 
| 140|0x00000000cbe00000, 0x00000000cbf00000, 0x00000000cbf00000|100%| E|CS|TAMS 0x00000000cbe00000, 0x00000000cbe00000| Complete 
| 141|0x00000000cbf00000, 0x00000000cc000000, 0x00000000cc000000|100%| E|CS|TAMS 0x00000000cbf00000, 0x00000000cbf00000| Complete 

Card table byte_map: [0x0000000019660000,0x0000000019850000] _byte_map_base: 0x0000000019047000

Marking Bits (Prev, Next): (CMBitMap*) 0x000000000038e6f0, (CMBitMap*) 0x000000000038e6b8
 Prev Bits: [0x000000001a980000, 0x000000001b8b8000)
 Next Bits: [0x0000000019a40000, 0x000000001a978000)

Polling page: 0x0000000000130000

Metaspace:

Usage:
  Non-class:     57.39 MB capacity,    56.14 MB ( 98%) used,     1.01 MB (  2%) free+waste,   245.13 KB ( <1%) overhead. 
      Class:      9.11 MB capacity,     8.27 MB ( 91%) used,   738.24 KB (  8%) free+waste,   122.06 KB (  1%) overhead. 
       Both:     66.50 MB capacity,    64.41 MB ( 97%) used,     1.73 MB (  3%) free+waste,   367.19 KB ( <1%) overhead. 

Virtual space:
  Non-class space:       58.00 MB reserved,      57.42 MB (>99%) committed 
      Class space:        1.00 GB reserved,       9.13 MB ( <1%) committed 
             Both:        1.06 GB reserved,      66.55 MB (  6%) committed 

Chunk freelists:
   Non-Class:  3.63 KB
       Class:  2.50 KB
        Both:  6.13 KB

CodeHeap 'non-profiled nmethods': size=238912Kb used=14564Kb max_used=14564Kb free=224347Kb
 bounds [0x000000000a4b0000, 0x000000000b2f0000, 0x0000000018e00000]
CodeHeap 'non-nmethods': size=6848Kb used=1224Kb max_used=1224Kb free=5624Kb
 bounds [0x0000000009e00000, 0x000000000a070000, 0x000000000a4b0000]
 total_blobs=9736 nmethods=9129 adapters=532
 compilation: enabled
              stopped_count=0, restarted_count=0
 full_count=0

Compilation events (10 events):
Event: 73.555 Thread 0x000000005ee91800 nmethod 9166 0x000000000b2e7d10 code [0x000000000b2e7ec0, 0x000000000b2e8128]
Event: 73.969 Thread 0x000000005ee91800 9167       1       org.apache.tomcat.util.net.NioEndpoint::getUnixDomainSocketPath (5 bytes)
Event: 73.969 Thread 0x000000005ee91800 nmethod 9167 0x000000000b2e8290 code [0x000000000b2e8420, 0x000000000b2e84d8]
Event: 75.547 Thread 0x000000005ee91800 9169       1       java.util.concurrent.ScheduledThreadPoolExecutor$ScheduledFutureTask::getDelay (16 bytes)
Event: 75.547 Thread 0x000000005ee91800 nmethod 9169 0x000000000b2e8590 code [0x000000000b2e8720, 0x000000000b2e8828]
Event: 75.547 Thread 0x000000005ee91800 9168       1       org.apache.catalina.LifecycleEvent::getType (5 bytes)
Event: 75.547 Thread 0x000000005ee91800 nmethod 9168 0x000000000b2e8910 code [0x000000000b2e8aa0, 0x000000000b2e8b58]
Event: 75.547 Thread 0x000000005ee91800 9170       1       java.util.concurrent.TimeUnit::convert (77 bytes)
Event: 75.548 Thread 0x000000005ee91800 nmethod 9170 0x000000000b2e8c10 code [0x000000000b2e8e00, 0x000000000b2e9008]
Event: 77.787 Thread 0x000000005ee91800 9171       1       java.net.URI::decode (380 bytes)

GC Heap History (10 events):
Event: 59.389 GC heap before
{Heap before GC invocations=20 (full 0):
 garbage-first heap   total 145408K, used 107234K [0x00000000c3200000, 0x0000000100000000)
  region size 1024K, 77 young (78848K), 7 survivors (7168K)
 Metaspace       used 65952K, capacity 68095K, committed 68144K, reserved 1107968K
  class space    used 8462K, capacity 9324K, committed 9344K, reserved 1048576K
}
Event: 59.406 GC heap after
{Heap after GC invocations=21 (full 0):
 garbage-first heap   total 145408K, used 36026K [0x00000000c3200000, 0x0000000100000000)
  region size 1024K, 4 young (4096K), 4 survivors (4096K)
 Metaspace       used 65952K, capacity 68095K, committed 68144K, reserved 1107968K
  class space    used 8462K, capacity 9324K, committed 9344K, reserved 1048576K
}
Event: 63.008 GC heap before
{Heap before GC invocations=21 (full 0):
 garbage-first heap   total 145408K, used 114874K [0x00000000c3200000, 0x0000000100000000)
  region size 1024K, 81 young (82944K), 4 survivors (4096K)
 Metaspace       used 65953K, capacity 68095K, committed 68144K, reserved 1107968K
  class space    used 8463K, capacity 9324K, committed 9344K, reserved 1048576K
}
Event: 63.017 GC heap after
{Heap after GC invocations=22 (full 0):
 garbage-first heap   total 145408K, used 35950K [0x00000000c3200000, 0x0000000100000000)
  region size 1024K, 4 young (4096K), 4 survivors (4096K)
 Metaspace       used 65953K, capacity 68095K, committed 68144K, reserved 1107968K
  class space    used 8463K, capacity 9324K, committed 9344K, reserved 1048576K
}
Event: 66.286 GC heap before
{Heap before GC invocations=22 (full 0):
 garbage-first heap   total 145408K, used 115822K [0x00000000c3200000, 0x0000000100000000)
  region size 1024K, 82 young (83968K), 4 survivors (4096K)
 Metaspace       used 65953K, capacity 68095K, committed 68144K, reserved 1107968K
  class space    used 8463K, capacity 9324K, committed 9344K, reserved 1048576K
}
Event: 66.295 GC heap after
{Heap after GC invocations=23 (full 0):
 garbage-first heap   total 145408K, used 35685K [0x00000000c3200000, 0x0000000100000000)
  region size 1024K, 4 young (4096K), 4 survivors (4096K)
 Metaspace       used 65953K, capacity 68095K, committed 68144K, reserved 1107968K
  class space    used 8463K, capacity 9324K, committed 9344K, reserved 1048576K
}
Event: 69.881 GC heap before
{Heap before GC invocations=23 (full 0):
 garbage-first heap   total 145408K, used 117605K [0x00000000c3200000, 0x0000000100000000)
  region size 1024K, 84 young (86016K), 4 survivors (4096K)
 Metaspace       used 65953K, capacity 68095K, committed 68144K, reserved 1107968K
  class space    used 8463K, capacity 9324K, committed 9344K, reserved 1048576K
}
Event: 69.892 GC heap after
{Heap after GC invocations=24 (full 0):
 garbage-first heap   total 145408K, used 35674K [0x00000000c3200000, 0x0000000100000000)
  region size 1024K, 4 young (4096K), 4 survivors (4096K)
 Metaspace       used 65953K, capacity 68095K, committed 68144K, reserved 1107968K
  class space    used 8463K, capacity 9324K, committed 9344K, reserved 1048576K
}
Event: 75.685 GC heap before
{Heap before GC invocations=24 (full 0):
 garbage-first heap   total 145408K, used 117594K [0x00000000c3200000, 0x0000000100000000)
  region size 1024K, 85 young (87040K), 4 survivors (4096K)
 Metaspace       used 65953K, capacity 68095K, committed 68144K, reserved 1107968K
  class space    used 8463K, capacity 9324K, committed 9344K, reserved 1048576K
}
Event: 75.704 GC heap after
{Heap after GC invocations=25 (full 0):
 garbage-first heap   total 145408K, used 35671K [0x00000000c3200000, 0x0000000100000000)
  region size 1024K, 4 young (4096K), 4 survivors (4096K)
 Metaspace       used 65953K, capacity 68095K, committed 68144K, reserved 1107968K
  class space    used 8463K, capacity 9324K, committed 9344K, reserved 1048576K
}

Deoptimization events (0 events):
No events

Classes redefined (0 events):
No events

Internal exceptions (10 events):
Event: 14.491 Thread 0x0000000000364000 Exception <a 'java/lang/ClassNotFoundException'{0x00000000c8bdfc50}: com/mindhub/homebanking/models/LoanCustomizer> (0x00000000c8bdfc50) thrown at [./open/src/hotspot/share/classfile/systemDictionary.cpp, line 226]
Event: 14.527 Thread 0x0000000000364000 Exception <a 'java/lang/ClassNotFoundException'{0x00000000c8a93378}: java/lang/ObjectCustomizer> (0x00000000c8a93378) thrown at [./open/src/hotspot/share/classfile/systemDictionary.cpp, line 226]
Event: 14.528 Thread 0x0000000000364000 Exception <a 'java/lang/ClassNotFoundException'{0x00000000c8aa8e00}: com/mindhub/homebanking/models/ClientLoanCustomizer> (0x00000000c8aa8e00) thrown at [./open/src/hotspot/share/classfile/systemDictionary.cpp, line 226]
Event: 14.552 Thread 0x0000000000364000 Exception <a 'java/lang/ClassNotFoundException'{0x00000000c8acddc0}: java/lang/ObjectCustomizer> (0x00000000c8acddc0) thrown at [./open/src/hotspot/share/classfile/systemDictionary.cpp, line 226]
Event: 14.553 Thread 0x0000000000364000 Exception <a 'java/lang/ClassNotFoundException'{0x00000000c8ae2808}: com/mindhub/homebanking/models/CardCustomizer> (0x00000000c8ae2808) thrown at [./open/src/hotspot/share/classfile/systemDictionary.cpp, line 226]
Event: 30.222 Thread 0x0000000065511800 Exception <a 'java/lang/NoSuchMethodError'{0x00000000c7488608}: java.lang.invoke.DirectMethodHandle$Holder.invokeInterface(Ljava/lang/Object;Ljava/lang/Object;Ljava/lang/Object;Ljava/lang/Object;)Ljava/lang/Object;> (0x00000000c7488608) thrown at [./open/
Event: 30.249 Thread 0x0000000065511800 Exception <a 'java/lang/NoSuchMethodError'{0x00000000c731a558}: java.lang.invoke.DirectMethodHandle$Holder.invokeStaticInit(Ljava/lang/Object;Ljava/lang/Object;Ljava/lang/Object;Ljava/lang/Object;Ljava/lang/Object;Ljava/lang/Object;)Ljava/lang/Object;> (0
Event: 48.183 Thread 0x0000000065515000 Exception <a 'java/lang/NoSuchMethodError'{0x00000000c6dd5378}: java.lang.invoke.DirectMethodHandle$Holder.invokeSpecial(Ljava/lang/Object;Ljava/lang/Object;IIIIIII)Ljava/lang/Object;> (0x00000000c6dd5378) thrown at [./open/src/hotspot/share/interpreter/l
Event: 48.183 Thread 0x0000000065515000 Exception <a 'java/lang/NoSuchMethodError'{0x00000000c6dd8c60}: java.lang.invoke.DelegatingMethodHandle$Holder.reinvoke_L(Ljava/lang/Object;IIIIIII)Ljava/lang/Object;> (0x00000000c6dd8c60) thrown at [./open/src/hotspot/share/interpreter/linkResolver.cpp, 
Event: 48.189 Thread 0x0000000065515000 Exception <a 'java/lang/NoSuchMethodError'{0x00000000c6dfe1a8}: java.lang.invoke.DirectMethodHandle$Holder.invokeSpecial(Ljava/lang/Object;Ljava/lang/Object;IIII)Ljava/lang/Object;> (0x00000000c6dfe1a8) thrown at [./open/src/hotspot/share/interpreter/link

Events (10 events):
Event: 66.750 Executing VM operation: RevokeBias
Event: 66.750 Executing VM operation: RevokeBias done
Event: 67.435 Executing VM operation: RevokeBias
Event: 67.435 Executing VM operation: RevokeBias done
Event: 67.600 Executing VM operation: BulkRevokeBias
Event: 67.600 Executing VM operation: BulkRevokeBias done
Event: 69.881 Executing VM operation: G1CollectForAllocation
Event: 69.892 Executing VM operation: G1CollectForAllocation done
Event: 75.684 Executing VM operation: G1CollectForAllocation
Event: 75.704 Executing VM operation: G1CollectForAllocation done


Dynamic libraries:
0x000000013fdf0000 - 0x000000013fdff000 	C:\Program Files\Java\jdk-11.0.15.1\bin\java.exe
0x0000000076f80000 - 0x000000007711f000 	C:\Windows\SYSTEM32\ntdll.dll
0x0000000076e60000 - 0x0000000076f7f000 	C:\Windows\system32\kernel32.dll
0x000007fefcbc0000 - 0x000007fefcc27000 	C:\Windows\system32\KERNELBASE.dll
0x000007fedcf50000 - 0x000007fedcf68000 	C:\Program Files\Java\jdk-11.0.15.1\bin\jli.dll
0x000007fefd0c0000 - 0x000007fefd19b000 	C:\Windows\system32\ADVAPI32.dll
0x000007fefefc0000 - 0x000007feff05f000 	C:\Windows\system32\msvcrt.dll
0x000007fefeb60000 - 0x000007fefeb7f000 	C:\Windows\SYSTEM32\sechost.dll
0x000007fefe040000 - 0x000007fefe16c000 	C:\Windows\system32\RPCRT4.dll
0x000007fefb0a0000 - 0x000007fefb295000 	C:\Windows\WinSxS\amd64_microsoft.windows.common-controls_6595b64144ccf1df_6.0.7601.24483_none_e372d88f30fbb845\COMCTL32.dll
0x000007feff1f0000 - 0x000007feff257000 	C:\Windows\system32\GDI32.dll
0x0000000076d60000 - 0x0000000076e5b000 	C:\Windows\system32\USER32.dll
0x000007fefeab0000 - 0x000007fefeabe000 	C:\Windows\system32\LPK.dll
0x000007fefeb80000 - 0x000007fefec4b000 	C:\Windows\system32\USP10.dll
0x000007fefe170000 - 0x000007fefe1e1000 	C:\Windows\system32\SHLWAPI.dll
0x000007fefbbb0000 - 0x000007fefbbbc000 	C:\Windows\system32\VERSION.dll
0x000007fedcf30000 - 0x000007fedcf45000 	C:\Program Files\Java\jdk-11.0.15.1\bin\VCRUNTIME140.dll
0x000007fedcf20000 - 0x000007fedcf24000 	C:\Program Files\Java\jdk-11.0.15.1\bin\api-ms-win-crt-runtime-l1-1-0.dll
0x000007fedce20000 - 0x000007fedcf1a000 	C:\Program Files\Java\jdk-11.0.15.1\bin\ucrtbase.DLL
0x000007fedce10000 - 0x000007fedce13000 	C:\Program Files\Java\jdk-11.0.15.1\bin\api-ms-win-core-localization-l1-2-0.dll
0x000007fedce00000 - 0x000007fedce03000 	C:\Program Files\Java\jdk-11.0.15.1\bin\api-ms-win-core-processthreads-l1-1-1.dll
0x000007fedcdf0000 - 0x000007fedcdf3000 	C:\Program Files\Java\jdk-11.0.15.1\bin\api-ms-win-core-file-l1-2-0.dll
0x000007fedcde0000 - 0x000007fedcde3000 	C:\Program Files\Java\jdk-11.0.15.1\bin\api-ms-win-core-timezone-l1-1-0.dll
0x000007fedcdd0000 - 0x000007fedcdd3000 	C:\Program Files\Java\jdk-11.0.15.1\bin\api-ms-win-core-file-l2-1-0.dll
0x000007fedcdc0000 - 0x000007fedcdc3000 	C:\Program Files\Java\jdk-11.0.15.1\bin\api-ms-win-core-synch-l1-2-0.dll
0x000007fedcdb0000 - 0x000007fedcdb3000 	C:\Program Files\Java\jdk-11.0.15.1\bin\api-ms-win-crt-heap-l1-1-0.dll
0x000007fedcda0000 - 0x000007fedcda4000 	C:\Program Files\Java\jdk-11.0.15.1\bin\api-ms-win-crt-string-l1-1-0.dll
0x000007fedcd90000 - 0x000007fedcd94000 	C:\Program Files\Java\jdk-11.0.15.1\bin\api-ms-win-crt-stdio-l1-1-0.dll
0x000007fedcd80000 - 0x000007fedcd84000 	C:\Program Files\Java\jdk-11.0.15.1\bin\api-ms-win-crt-convert-l1-1-0.dll
0x000007fedcd70000 - 0x000007fedcd73000 	C:\Program Files\Java\jdk-11.0.15.1\bin\api-ms-win-crt-environment-l1-1-0.dll
0x000007fedcd60000 - 0x000007fedcd63000 	C:\Program Files\Java\jdk-11.0.15.1\bin\api-ms-win-crt-filesystem-l1-1-0.dll
0x000007fedcd50000 - 0x000007fedcd55000 	C:\Program Files\Java\jdk-11.0.15.1\bin\api-ms-win-crt-math-l1-1-0.dll
0x000007fedcd40000 - 0x000007fedcd43000 	C:\Program Files\Java\jdk-11.0.15.1\bin\api-ms-win-crt-locale-l1-1-0.dll
0x000007fefd1a0000 - 0x000007fefd1ce000 	C:\Windows\system32\IMM32.DLL
0x000007fefe290000 - 0x000007fefe39b000 	C:\Windows\system32\MSCTF.dll
0x000007fedcca0000 - 0x000007fedcd3b000 	C:\Program Files\Java\jdk-11.0.15.1\bin\msvcp140.dll
0x000007fedcc90000 - 0x000007fedcc93000 	C:\Program Files\Java\jdk-11.0.15.1\bin\api-ms-win-crt-time-l1-1-0.dll
0x000007fedcc80000 - 0x000007fedcc83000 	C:\Program Files\Java\jdk-11.0.15.1\bin\api-ms-win-crt-utility-l1-1-0.dll
0x000007fedc160000 - 0x000007fedcc76000 	C:\Program Files\Java\jdk-11.0.15.1\bin\server\jvm.dll
0x000007fef7090000 - 0x000007fef7099000 	C:\Windows\system32\WSOCK32.dll
0x000007fefd070000 - 0x000007fefd0bd000 	C:\Windows\system32\WS2_32.dll
0x000007feff260000 - 0x000007feff268000 	C:\Windows\system32\NSI.dll
0x000007fef87e0000 - 0x000007fef881b000 	C:\Windows\system32\WINMM.dll
0x0000000077120000 - 0x0000000077127000 	C:\Windows\system32\PSAPI.DLL
0x000007fedc150000 - 0x000007fedc160000 	C:\Program Files\Java\jdk-11.0.15.1\bin\verify.dll
0x000007fef4b70000 - 0x000007fef4c95000 	C:\Windows\system32\DBGHELP.DLL
0x000007fedc120000 - 0x000007fedc148000 	C:\Program Files\Java\jdk-11.0.15.1\bin\java.dll
0x000007fedc110000 - 0x000007fedc11a000 	C:\Program Files\Java\jdk-11.0.15.1\bin\jimage.dll
0x000007fedc0f0000 - 0x000007fedc106000 	C:\Program Files\Java\jdk-11.0.15.1\bin\zip.dll
0x000007fefd2b0000 - 0x000007fefe03b000 	C:\Windows\system32\SHELL32.dll
0x000007fefe400000 - 0x000007fefe5ff000 	C:\Windows\system32\ole32.dll
0x000007fefcad0000 - 0x000007fefcadf000 	C:\Windows\system32\profapi.dll
0x000007fedc0d0000 - 0x000007fedc0e9000 	C:\Program Files\Java\jdk-11.0.15.1\bin\net.dll
0x000007fef8ed0000 - 0x000007fef8f41000 	C:\Windows\system32\WINHTTP.dll
0x000007fef8dd0000 - 0x000007fef8e35000 	C:\Windows\system32\webio.dll
0x000007fefc250000 - 0x000007fefc2a5000 	C:\Windows\system32\mswsock.dll
0x000007fefc240000 - 0x000007fefc247000 	C:\Windows\System32\wship6.dll
0x000007fedc0b0000 - 0x000007fedc0c2000 	C:\Program Files\Java\jdk-11.0.15.1\bin\nio.dll
0x000007fef6ff0000 - 0x000007fef6ff9000 	C:\Program Files\Java\jdk-11.0.15.1\bin\management.dll
0x000007fef4d50000 - 0x000007fef4d5b000 	C:\Program Files\Java\jdk-11.0.15.1\bin\management_ext.dll
0x000007fefa910000 - 0x000007fefa925000 	C:\Windows\system32\NLAapi.dll
0x000007fefa570000 - 0x000007fefa585000 	C:\Windows\system32\napinsp.dll
0x000007fefa4f0000 - 0x000007fefa509000 	C:\Windows\system32\pnrpnsp.dll
0x000007fefc0d0000 - 0x000007fefc12b000 	C:\Windows\system32\DNSAPI.dll
0x000007fefa600000 - 0x000007fefa60b000 	C:\Windows\System32\winrnr.dll
0x000007fefbc80000 - 0x000007fefbc87000 	C:\Windows\System32\wshtcpip.dll
0x000007fefa5b0000 - 0x000007fefa5d7000 	C:\Windows\system32\IPHLPAPI.DLL
0x000007fefa5a0000 - 0x000007fefa5ab000 	C:\Windows\system32\WINNSI.DLL
0x000007fef8ba0000 - 0x000007fef8ba8000 	C:\Windows\system32\rasadhlp.dll
0x000007fefa390000 - 0x000007fefa3e3000 	C:\Windows\System32\fwpuclnt.dll
0x000007fefc2b0000 - 0x000007fefc2c8000 	C:\Windows\system32\CRYPTSP.dll
0x000007fefbfb0000 - 0x000007fefbff7000 	C:\Windows\system32\rsaenh.dll
0x000007fefce70000 - 0x000007fefce8f000 	C:\Windows\system32\USERENV.dll
0x000007fefc970000 - 0x000007fefc97f000 	C:\Windows\system32\CRYPTBASE.dll
0x000007fefa280000 - 0x000007fefa298000 	C:\Windows\system32\dhcpcsvc.DLL
0x000007fefa260000 - 0x000007fefa271000 	C:\Windows\system32\dhcpcsvc6.DLL
0x000007fef4de0000 - 0x000007fef4ded000 	C:\Program Files\Java\jdk-11.0.15.1\bin\sunmscapi.dll
0x000007fefccf0000 - 0x000007fefce5d000 	C:\Windows\system32\CRYPT32.dll
0x000007fefcae0000 - 0x000007fefcaef000 	C:\Windows\system32\MSASN1.dll
0x000007fefc480000 - 0x000007fefc4d0000 	C:\Windows\system32\ncrypt.dll
0x000007fefc450000 - 0x000007fefc472000 	C:\Windows\system32\bcrypt.dll
0x000007fee3620000 - 0x000007fee3645000 	C:\Program Files\Java\jdk-11.0.15.1\bin\sunec.dll

dbghelp: loaded successfully - version: 4.0.5 - missing functions: none
symbol engine: initialized successfully - sym options: 0x614 - pdb path: .;C:\Program Files\Java\jdk-11.0.15.1\bin;C:\Windows\SYSTEM32;C:\Windows\WinSxS\amd64_microsoft.windows.common-controls_6595b64144ccf1df_6.0.7601.24483_none_e372d88f30fbb845;C:\Program Files\Java\jdk-11.0.15.1\bin\server

VM Arguments:
jvm_args: -Xverify:none -XX:TieredStopAtLevel=1 -Dfile.encoding=windows-1252 -Duser.country=AR -Duser.language=es -Duser.variant 
java_command: com.mindhub.homebanking.HomebankingApplication
java_class_path (initial): C:\Users\user\Desktop\MINDHUB\java\8. T8 HomeBanking\T8 homebanking\src\main\resources;C:\Users\user\Desktop\MINDHUB\java\8. T8 HomeBanking\T8 homebanking\build\classes\java\main;C:\Users\user\.gradle\caches\modules-2\files-2.1\com.h2database\h2\1.4.200\f7533fe7cb8e99c87a43d325a77b4b678ad9031a\h2-1.4.200.jar;C:\Users\user\.gradle\caches\modules-2\files-2.1\org.springframework.security\spring-security-config\5.6.3\5e6d89757a826245b2c38868096387833258a390\spring-security-config-5.6.3.jar;C:\Users\user\.gradle\caches\modules-2\files-2.1\org.springframework.security\spring-security-web\5.6.3\67db612f39c74268561fab887e2385f2b6cf324\spring-security-web-5.6.3.jar;C:\Users\user\.gradle\caches\modules-2\files-2.1\org.springframework.data\spring-data-jpa\2.6.4\21180cf5c2853453d73d372e736fbe6f5287e28a\spring-data-jpa-2.6.4.jar;C:\Users\user\.gradle\caches\modules-2\files-2.1\org.springframework.data\spring-data-rest-webmvc\3.6.4\ab696982aac745de377f775ba0f670f81f24a356\spring-data-rest-webmvc-3.6.4.jar;C:\Users\user\.gradle\caches\modules-2\files-2.1\org.springframework\spring-webmvc\5.3.19\ba2fc03a3bcc925458e1179ef88f5833fb1971d\spring-webmvc-5.3.19.jar;C:\Users\user\.gradle\caches\modules-2\files-2.1\org.springframework.security\spring-security-core\5.6.3\30174aca1818d0cd8e8ac932eb7c7c67f9243a84\spring-security-core-5.6.3.jar;C:\Users\user\.gradle\caches\modules-2\files-2.1\org.springframework.boot\spring-boot-autoconfigure\2.6.7\d96e51e7a13f16c07f60654071f157f99a0b99be\spring-boot-autoconfigure-2.6.7.jar;C:\Users\user\.gradle\caches\modules-2\files-2.1\org.springframework.boot\spring-boot\2.6.7\aef2fff50d49feb43a0726ab7e4945914186e06\spring-boot-2.6.7.jar;C:\Users\user\.gradle\caches\modules-2\files-2.1\org.springframework.data\spring-data-rest-core\3.6.4\ac6720cb8408321df1618a4d861d5521a03b636a\spring-data-rest-core-3.6.4.jar;C:\Users\user\.gradle\caches\modules-2\files-2.1\org.springframework.hateoas\spring-hateoas\1.4.2\9def397a771519a52570f3
Launcher Type: SUN_STANDARD

[Global flags]
     bool BytecodeVerificationLocal                = false                                     {product} {command line}
     bool BytecodeVerificationRemote               = false                                     {product} {command line}
     intx CICompilerCount                          = 3                                         {product} {ergonomic}
     uint ConcGCThreads                            = 1                                         {product} {ergonomic}
     uint G1ConcRefinementThreads                  = 4                                         {product} {ergonomic}
   size_t G1HeapRegionSize                         = 1048576                                   {product} {ergonomic}
    uintx GCDrainStackTargetSize                   = 64                                        {product} {ergonomic}
   size_t InitialHeapSize                          = 65011712                                  {product} {ergonomic}
   size_t MarkStackSize                            = 4194304                                   {product} {ergonomic}
   size_t MaxHeapSize                              = 1021313024                                {product} {ergonomic}
   size_t MaxNewSize                               = 612368384                                 {product} {ergonomic}
   size_t MinHeapDeltaBytes                        = 1048576                                   {product} {ergonomic}
    uintx NonNMethodCodeHeapSize                   = 6973028                                {pd product} {ergonomic}
    uintx NonProfiledCodeHeapSize                  = 244685212                              {pd product} {ergonomic}
    uintx ProfiledCodeHeapSize                     = 0                                      {pd product} {ergonomic}
    uintx ReservedCodeCacheSize                    = 251658240                              {pd product} {ergonomic}
     bool SegmentedCodeCache                       = true                                      {product} {ergonomic}
     intx TieredStopAtLevel                        = 1                                         {product} {command line}
     bool UseCompressedClassPointers               = true                                 {lp64_product} {ergonomic}
     bool UseCompressedOops                        = true                                 {lp64_product} {ergonomic}
     bool UseG1GC                                  = true                                      {product} {ergonomic}
     bool UseLargePagesIndividualAllocation        = false                                  {pd product} {ergonomic}

Logging:
Log output configuration:
 #0: stdout all=warning uptime,level,tags
 #1: stderr all=off uptime,level,tags

Environment Variables:
JAVA_HOME=C:\Program Files\Java\jdk-11.0.15.1
PATH=C:\Program Files\Common Files\Oracle\Java\javapath;C:\Windows\system32;C:\Windows;C:\Windows\System32\Wbem;C:\Windows\System32\WindowsPowerShell\v1.0\;C:\Program Files\gradle-6.8\bin;C:\Program Files\Java\jdk-11.0.15.1\bin;C:\Program Files\Git\cmd;C:\Program Files\Git\mingw64\bin;C:\Program Files\Git\usr\bin;C:\Users\user\AppData\Local\Programs\Microsoft VS Code\bin;C:\Users\user\AppData\Local\GitHubDesktop\bin
USERNAME=user
OS=Windows_NT
PROCESSOR_IDENTIFIER=Intel64 Family 6 Model 37 Stepping 5, GenuineIntel



---------------  S Y S T E M  ---------------

OS: Windows 7 , 64 bit Build 7601 (6.1.7601.24545)

CPU:total 4 (initial active 4) (2 cores per cpu, 2 threads per core) family 6 model 37 stepping 5 microcode 0x0, cmov, cx8, fxsr, mmx, sse, sse2, sse3, ssse3, sse4.1, sse4.2, popcnt, ht, tsc, tscinvbit

Memory: 4k page, system-wide physical 3892M (69M free)
TotalPageFile size 15550M (AvailPageFile size 6M)
current process WorkingSet (physical memory assigned to process): 279M, peak: 284M
current process commit charge ("private bytes"): 320M, peak: 325M

vm_info: Java HotSpot(TM) 64-Bit Server VM (11.0.15.1+2-LTS-10) for windows-amd64 JRE (11.0.15.1+2-LTS-10), built on Apr 25 2022 21:51:57 by "mach5one" with MS VC++ 15.9 (VS2017)

END.
